<?xml version="1.0" encoding="UTF-8"?>
<ns2:test-suite xmlns:ns2="urn:model.allure.qatools.yandex.ru" start="1482423541895" stop="1482423542447">
	<name>screenshot compare Compare baseline image to regression image:</name>
	<title>screenshot compare Compare baseline image to regression image:</title>
	<test-cases>
		<test-case start="1482423541895" stop="1482423542252" status="passed">
			<name>expect data of comparison not to be empty</name>
			<title>expect data of comparison not to be empty</title>
			<labels>
			</labels>
			<parameters>
				<parameter kind="environment-variable" name="capabilities" value="{&quot;maxInstances&quot;:5,&quot;browserName&quot;:&quot;chrome&quot;}"/>
				<parameter kind="environment-variable" name="spec files" value="[&quot;/Users/maarten/Documents/seleniumGridTest/tests/visual-test.js&quot;]"/>
			</parameters>
			<steps>
			</steps>
			<attachments>
			</attachments>
		</test-case>
		<test-case start="1482423542253" stop="1482423542255" status="passed">
			<name>expect screenshots to be same dimension </name>
			<title>expect screenshots to be same dimension </title>
			<labels>
			</labels>
			<parameters>
				<parameter kind="environment-variable" name="capabilities" value="{&quot;maxInstances&quot;:5,&quot;browserName&quot;:&quot;chrome&quot;}"/>
				<parameter kind="environment-variable" name="spec files" value="[&quot;/Users/maarten/Documents/seleniumGridTest/tests/visual-test.js&quot;]"/>
			</parameters>
			<steps>
			</steps>
			<attachments>
			</attachments>
		</test-case>
		<test-case start="1482423542256" stop="1482423542258" status="failed">
			<name>expect misMatchPercentage not to be above &apos;0&apos; </name>
			<title>expect misMatchPercentage not to be above &apos;0&apos; </title>
			<labels>
			</labels>
			<parameters>
				<parameter kind="environment-variable" name="capabilities" value="{&quot;maxInstances&quot;:5,&quot;browserName&quot;:&quot;chrome&quot;}"/>
				<parameter kind="environment-variable" name="spec files" value="[&quot;/Users/maarten/Documents/seleniumGridTest/tests/visual-test.js&quot;]"/>
			</parameters>
			<steps>
			</steps>
			<attachments>
				<attachment title="resemble" source="54af9c89-a739-4b16-9713-767d22bf4206-attachment.png" type="image/png" size="536167"/>
			</attachments>
			<failure>
				<message>expected &apos;0.67&apos; to be at most 0</message>
				<stack-trace>AssertionError: expected &apos;0.67&apos; to be at most 0
    at Context.&lt;anonymous&gt; (/Users/maarten/Documents/seleniumGridTest/tests/visual-test.js:82:67)
    at Context.executeAsync (/Users/maarten/Documents/seleniumGridTest/node_modules/wdio-sync/build/index.js:684:21)
    at Context.&lt;anonymous&gt; (/Users/maarten/Documents/seleniumGridTest/node_modules/wdio-sync/build/index.js:858:35)
    at callFnAsync (/Users/maarten/Documents/seleniumGridTest/node_modules/mocha/lib/runnable.js:349:8)
    at Test.Runnable.run (/Users/maarten/Documents/seleniumGridTest/node_modules/mocha/lib/runnable.js:301:7)
    at Runner.runTest (/Users/maarten/Documents/seleniumGridTest/node_modules/mocha/lib/runner.js:422:10)
    at /Users/maarten/Documents/seleniumGridTest/node_modules/mocha/lib/runner.js:528:12
    at next (/Users/maarten/Documents/seleniumGridTest/node_modules/mocha/lib/runner.js:342:14)
    at /Users/maarten/Documents/seleniumGridTest/node_modules/mocha/lib/runner.js:352:7
    at next (/Users/maarten/Documents/seleniumGridTest/node_modules/mocha/lib/runner.js:284:14)
    at Immediate.&lt;anonymous&gt; (/Users/maarten/Documents/seleniumGridTest/node_modules/mocha/lib/runner.js:320:5)
    at runCallback (timers.js:574:20)
    at tryOnImmediate (timers.js:554:5)
    at processImmediate [as _immediateCallback] (timers.js:533:5)</stack-trace>
			</failure>
		</test-case>
		<test-case start="1482423542263" stop="1482423542446" status="passed">
			<name>should make &apos;diff.png&apos; in ./tests/screenshots/diff/</name>
			<title>should make &apos;diff.png&apos; in ./tests/screenshots/diff/</title>
			<labels>
			</labels>
			<parameters>
				<parameter kind="environment-variable" name="capabilities" value="{&quot;maxInstances&quot;:5,&quot;browserName&quot;:&quot;chrome&quot;}"/>
				<parameter kind="environment-variable" name="spec files" value="[&quot;/Users/maarten/Documents/seleniumGridTest/tests/visual-test.js&quot;]"/>
			</parameters>
			<steps>
			</steps>
			<attachments>
			</attachments>
		</test-case>
	</test-cases>
</ns2:test-suite>